     1                                  ; PC-DOS 7.0 FDISK Utility - Master Boot Sector (Template)
     2                                  
     3                                  [bits 16]
     4                                  [org 0]
     5                                  
     6                                  master_boot_record:
     7 00000000 FA33C08ED0BC007C8B-     	db 0FAh, 33h, 0C0h, 8Eh, 0D0h, 0BCh, 00h, 7Ch, 8Bh, 0F4h, 50h, 07h, 50h, 1Fh, 0FBh, 0FCh
     8 00000009 F45007501FFBFC     
     9 00000010 BF0006B90001F2A5EA-     	db 0BFh, 00h, 06h, 0B9h, 00h, 01h, 0F2h, 0A5h, 0EAh, 1Dh, 06h, 00h, 00h, 0BEh, 0BEh, 07h
    10 00000019 1D060000BEBE07     
    11 00000020 B304803C80740E803C-     	db 0B3h, 04h, 80h, 3Ch,	80h, 74h, 0Eh, 80h, 3Ch, 00h, 75h, 1Ch,	83h, 0C6h, 10h,	0FEh
    12 00000029 00751C83C610FE     
    13 00000030 CB75EFCD188B148B4C-     	db 0CBh, 75h, 0EFh, 0CDh, 18h, 8Bh, 14h, 8Bh, 4Ch, 02h,	8Bh, 0EEh, 83h,	0C6h, 10h, 0FEh
    14 00000039 028BEE83C610FE     
    15 00000040 CB741A803C0074F4BE-     	db 0CBh, 74h, 1Ah, 80h,	3Ch, 00h, 74h, 0F4h, 0BEh, 8Bh,	06h, 0ACh, 3Ch,	00h, 74h, 0Bh
    16 00000049 8B06AC3C00740B     
    17 00000050 56BB0700B40ECD105E-     	db 56h,	0BBh, 07h, 00h,	0B4h, 0Eh, 0CDh, 10h, 5Eh, 0EBh, 0F0h, 0EBh, 0FEh, 0BFh, 05h, 00h
    18 00000059 EBF0EBFEBF0500     
    19 00000060 BB007CB8010257CD13-     	db 0BBh, 00h, 7Ch, 0B8h, 01h, 02h, 57h,	0CDh, 13h, 5Fh,	73h, 0Ch, 33h, 0C0h, 0CDh, 13h
    20 00000069 5F730C33C0CD13     
    21 00000070 4F75EDBEA306EBD3BE-     	db 4Fh,	75h, 0EDh, 0BEh, 0A3h, 06h, 0EBh, 0D3h,	0BEh, 0C2h, 06h, 0BFh, 0FEh, 7Dh, 81h, 3Dh
    22 00000079 C206BFFE7D813D     
    23 00000080 55AA75C78BF5EA007C-     	db 55h,	0AAh, 75h, 0C7h, 8Bh, 0F5h, 0EAh, 00h, 7Ch, 00h, 00h, 49h, 6Eh,	76h, 61h, 6Ch
    24 00000089 0000496E76616C     
    25 00000090 696420706172746974-     	db 69h,	64h, 20h, 70h, 61h, 72h, 74h, 69h, 74h,	69h, 6Fh, 6Eh, 20h, 74h, 61h, 62h
    26 00000099 696F6E20746162     
    27 000000A0 6C65004572726F7220-     	db 6Ch,	65h, 00h, 45h, 72h, 72h, 6Fh, 72h, 20h,	6Ch, 6Fh, 61h, 64h, 69h, 6Eh, 67h
    28 000000A9 6C6F6164696E67     
    29 000000B0 206F7065726174696E-     	db 20h,	6Fh, 70h, 65h, 72h, 61h, 74h, 69h, 6Eh,	67h, 20h, 73h, 79h, 73h, 74h, 65h
    30 000000B9 67207379737465     
    31 000000C0 6D004D697373696E67-     	db 6Dh,	00h, 4Dh, 69h, 73h, 73h, 69h, 6Eh, 67h,	20h, 6Fh, 70h, 65h, 72h, 61h, 74h
    32 000000C9 206F7065726174     
    33 000000D0 696E67207379737465-     	db 69h,	6Eh, 67h, 20h, 73h, 79h, 73h, 74h, 65h,	6Dh, 00h, 00h, 00h, 00h, 00h, 00h
    34 000000D9 6D000000000000     
    35 000000E0 000000000000000000-     	db 00h,	00h, 00h, 00h, 00h, 00h, 00h, 00h, 00h,	00h, 00h, 00h, 00h, 00h, 00h, 00h
    36 000000E9 00000000000000     
    37 000000F0 000000000000000000-     	db 00h,	00h, 00h, 00h, 00h, 00h, 00h, 00h, 00h,	00h, 00h, 00h, 00h, 00h, 00h, 00h
    38 000000F9 00000000000000     
    39 00000100 000000000000000000-     	db 00h,	00h, 00h, 00h, 00h, 00h, 00h, 00h, 00h,	00h, 00h, 00h, 00h, 00h, 00h, 00h
    40 00000109 00000000000000     
    41 00000110 000000000000000000-     	db 00h,	00h, 00h, 00h, 00h, 00h, 00h, 00h, 00h,	00h, 00h, 00h, 00h, 00h, 00h, 00h
    42 00000119 00000000000000     
    43 00000120 000000000000000000-     	db 00h,	00h, 00h, 00h, 00h, 00h, 00h, 00h, 00h,	00h, 00h, 00h, 00h, 00h, 00h, 00h
    44 00000129 00000000000000     
    45 00000130 000000000000000000-     	db 00h,	00h, 00h, 00h, 00h, 00h, 00h, 00h, 00h,	00h, 00h, 00h, 00h, 00h, 00h, 00h
    46 00000139 00000000000000     
    47 00000140 000000000000000000-     	db 00h,	00h, 00h, 00h, 00h, 00h, 00h, 00h, 00h,	00h, 00h, 00h, 00h, 00h, 00h, 00h
    48 00000149 00000000000000     
    49 00000150 000000000000000000-     	db 00h,	00h, 00h, 00h, 00h, 00h, 00h, 00h, 00h,	00h, 00h, 00h, 00h, 00h, 00h, 00h
    50 00000159 00000000000000     
    51 00000160 000000000000000000-     	db 00h,	00h, 00h, 00h, 00h, 00h, 00h, 00h, 00h,	00h, 00h, 00h, 00h, 00h, 00h, 00h
    52 00000169 00000000000000     
    53 00000170 000000000000000000-     	db 00h,	00h, 00h, 00h, 00h, 00h, 00h, 00h, 00h,	00h, 00h, 00h, 00h, 00h, 00h, 00h
    54 00000179 00000000000000     
    55 00000180 000000000000000000-     	db 00h,	00h, 00h, 00h, 00h, 00h, 00h, 00h, 00h,	00h, 00h, 00h, 00h, 00h, 00h, 00h
    56 00000189 00000000000000     
    57 00000190 000000000000000000-     	db 00h,	00h, 00h, 00h, 00h, 00h, 00h, 00h, 00h,	00h, 00h, 00h, 00h, 00h, 00h, 00h
    58 00000199 00000000000000     
    59 000001A0 000000000000000000-     	db 00h,	00h, 00h, 00h, 00h, 00h, 00h, 00h, 00h,	00h, 00h, 00h, 00h, 00h, 00h, 00h
    60 000001A9 00000000000000     
    61 000001B0 000000000000000000-     	db 00h,	00h, 00h, 00h, 00h, 00h, 00h, 00h, 00h,	00h, 00h, 00h, 00h, 00h, 00h, 00h
    62 000001B9 00000000000000     
    63 000001C0 000000000000000000-     	db 00h,	00h, 00h, 00h, 00h, 00h, 00h, 00h, 00h,	00h, 00h, 00h, 00h, 00h, 00h, 00h
    64 000001C9 00000000000000     
    65 000001D0 000000000000000000-     	db 00h,	00h, 00h, 00h, 00h, 00h, 00h, 00h, 00h,	00h, 00h, 00h, 00h, 00h, 00h, 00h
    66 000001D9 00000000000000     
    67 000001E0 000000000000000000-     	db 00h,	00h, 00h, 00h, 00h, 00h, 00h, 00h, 00h,	00h, 00h, 00h, 00h, 00h, 00h, 00h
    68 000001E9 00000000000000     
    69 000001F0 000000000000000000-     	db 00h,	00h, 00h, 00h, 00h, 00h, 00h, 00h, 00h,	00h, 00h, 00h, 00h, 00h, 55h, 0AAh
    70 000001F9 000000000055AA     
