seg000:0100 ;
seg000:0100 ; ษอออออออออออออออออออออออออออออออออออออออออออออออออออออออออออออออออออออออออป
seg000:0100 ; บ	    This file is generated by The Interactive Disassembler (IDA)	บ
seg000:0100 ; บ	    Copyright (c) 2010 by Hex-Rays SA, <support@hex-rays.com>		บ
seg000:0100 ; บ			     Licensed to: Freeware version			บ
seg000:0100 ; ศอออออออออออออออออออออออออออออออออออออออออออออออออออออออออออออออออออออออออผ
seg000:0100 ;
seg000:0100 ; Input MD5	  : 09CCAF75B7A77C230A9EB4F276B0CB2B
seg000:0100
seg000:0100 ; File Name	  : C:\Documents and Settings\Erdo๐an Tan\Desktop\RUNME.COM
seg000:0100 ; Format	  : MS-DOS COM-file
seg000:0100 ; Base Address: 1000h Range: 10100h-10398h Loaded length: 298h
seg000:0100
seg000:0100 .686p
seg000:0100 .mmx
seg000:0100 .model tiny
seg000:0100
seg000:0100
seg000:0100 ; Segment type: Pure code
seg000:0100 seg000 segment byte	public 'CODE' use16
seg000:0100 assume cs:seg000
seg000:0100 org	100h
seg000:0100 assume es:nothing, ss:nothing, ds:seg000, fs:nothing, gs:nothing
seg000:0100
seg000:0100
seg000:0100
seg000:0100 public start
seg000:0100 start proc near
seg000:0100 call    sub_10321
seg000:0103 mov	    di,	3A3h
seg000:0106 mov	    cl,	0C8h
seg000:0108
seg000:0108 loc_10108:
seg000:0108 call    sub_10183
seg000:010B mov	    [di], dx
seg000:010D mov	    [di+4], ah
seg000:0110 add	    di,	5
seg000:0113 loop    loc_10108
seg000:0115 mov	    al,	13h
seg000:0117 int	    10h		    ; -	VIDEO -
seg000:0119 mov	    ax,	1124h
seg000:011C mov	    bl,	1
seg000:011E int	    10h		    ; -	VIDEO -	TEXT-MODE CHARACTER GENERATOR FUNCTIONS	(PS, EGA, VGA)
seg000:011E			    ; AL = 00h,	10h: load user-specified patterns
seg000:011E			    ; AL = 01h,	11h: load ROM monochrome patterns (8 by	14)
seg000:011E			    ; AL = 02h,	12h: load ROM 8	by 8 double-dot	patterns
seg000:011E			    ; AL = 03h:	set block specifier
seg000:0120 mov	    ax,	0A000h
seg000:0123 mov	    es,	ax
seg000:0125 assume es:nothing
seg000:0125
seg000:0125 loc_10125:
seg000:0125 mov	    dx,	3DAh
seg000:0128
seg000:0128 loc_10128:		    ; Video status bits:
seg000:0128 in	    al,	dx	    ; 0: retrace.  1=display is	in vert	or horiz retrace.
seg000:0128			    ; 1: 1=light pen is	triggered; 0=armed
seg000:0128			    ; 2: 1=light pen switch is open; 0=closed
seg000:0128			    ; 3: 1=vertical sync pulse is occurring.
seg000:0129 test    al,	8
seg000:012B jz	    short loc_10128
seg000:012D mov	    di,	3A3h
seg000:0130 xor	    si,	si
seg000:0132 mov	    cx,	0C8h
seg000:0135
seg000:0135 loc_10135:
seg000:0135 mov	    bx,	[di]
seg000:0137 cmp	    byte ptr es:[bx+si], 22h
seg000:013B jz	    short loc_10143
seg000:013D mov	    al,	[di+4]
seg000:0140 mov	    es:[bx+si],	al
seg000:0143
seg000:0143 loc_10143:
seg000:0143 mov	    ax,	[di+2]
seg000:0146 sub	    bx,	ax
seg000:0148 jnb	    short loc_10151
seg000:014A add	    bx,	140h
seg000:014E call    sub_10183
seg000:0151
seg000:0151 loc_10151:
seg000:0151 mov	    [di], bx
seg000:0153 mov	    ah,	es:[bx+si]
seg000:0156 mov	    [di+4], ah
seg000:0159 or	    ah,	ah
seg000:015B jnz	    short loc_10164
seg000:015D shl	    al,	1
seg000:015F add	    al,	0Eh
seg000:0161 mov	    es:[bx+si],	al
seg000:0164
seg000:0164 loc_10164:
seg000:0164 add	    di,	5
seg000:0167 add	    si,	140h
seg000:016B loop    loc_10135
seg000:016D call    sub_101AC
seg000:0170 call    sub_1027A
seg000:0173 mov	    ah,	1
seg000:0175 int	    16h		    ; KEYBOARD - CHECK BUFFER, DO NOT CLEAR
seg000:0175			    ; Return: ZF clear if character in buffer
seg000:0175			    ; AH = scan	code, AL = character
seg000:0175			    ; ZF set if	no character in	buffer
seg000:0177 jz	    short loc_10125
seg000:0179 mov	    ah,	0
seg000:017B int	    16h		    ; KEYBOARD - READ CHAR FROM	BUFFER,	WAIT IF	EMPTY
seg000:017B			    ; Return: AH = scan	code, AL = character
seg000:017D mov	    ax,	3
seg000:0180 int	    10h		    ; -	VIDEO -	SET VIDEO MODE
seg000:0180			    ; AL = mode
seg000:0182 retn
seg000:0182 start endp
seg000:0182
seg000:0183
seg000:0183
seg000:0183
seg000:0183 sub_10183 proc near
seg000:0183 mov	    ax,	5B9Ch
seg000:0186 rol	    ax,	3
seg000:0189 add	    ax,	7
seg000:018C mov	    word ptr sub_10183+1, ax
seg000:018F
seg000:018F loc_1018F:
seg000:018F add	    ax,	35B9h
seg000:0192 add	    word ptr loc_1018F+1, 0A0A5h
seg000:0198 ror	    word ptr loc_1018F+1, 7
seg000:019D xor	    dx,	dx
seg000:019F mov	    bp,	140h
seg000:01A2 div	    bp
seg000:01A4 and	    ax,	7
seg000:01A7 inc	    ax
seg000:01A8 mov	    [di+2], ax
seg000:01AB retn
seg000:01AB sub_10183 endp
seg000:01AB
seg000:01AC
seg000:01AC
seg000:01AC
seg000:01AC sub_101AC proc near
seg000:01AC inc	    byte ptr ds:78Bh
seg000:01B0 and	    byte ptr ds:78Bh, 3
seg000:01B5 jnz	    short locret_101DF
seg000:01B7 mov	    si,	word_101E0
seg000:01BB lodsb
seg000:01BC or	    al,	al
seg000:01BE jnz	    short loc_101C4
seg000:01C0 mov	    si,	220h
seg000:01C3 lodsb
seg000:01C4
seg000:01C4 loc_101C4:
seg000:01C4 cmp	    al,	20h
seg000:01C6 jnb	    short loc_101D4
seg000:01C8 mov	    ah,	al
seg000:01CA lodsb
seg000:01CB mov	    dx,	ax
seg000:01CD mov	    ah,	2
seg000:01CF xor	    bh,	bh
seg000:01D1 int	    10h		    ; -	VIDEO -	SET CURSOR POSITION
seg000:01D1			    ; DH,DL = row, column (0,0 = upper left)
seg000:01D1			    ; BH = page	number
seg000:01D3 lodsb
seg000:01D4
seg000:01D4 loc_101D4:
seg000:01D4 mov	    word_101E0,	si
seg000:01D8 mov	    bx,	22h
seg000:01DB mov	    ah,	0Eh
seg000:01DD int	    10h		    ; -	VIDEO -	WRITE CHARACTER	AND ADVANCE CURSOR (TTY	WRITE)
seg000:01DD			    ; AL = character, BH = display page	(alpha modes)
seg000:01DD			    ; BL = foreground color (graphics modes)
seg000:01DF
seg000:01DF locret_101DF:
seg000:01DF retn
seg000:01DF sub_101AC endp
seg000:01DF
seg000:01E0 word_101E0 dw 1E2h
seg000:01E2 db	  4
seg000:01E3 db	0Fh
seg000:01E4 db	20h
seg000:01E5 db	20h
seg000:01E6 db	20h
seg000:01E7 db	47h ; G
seg000:01E8 db 0EEh ; ๎
seg000:01E9 db	43h ; C
seg000:01EA db 0EEh ; ๎
seg000:01EB db	20h
seg000:01EC db	20h
seg000:01ED db	20h
seg000:01EE db	  5
seg000:01EF db	0Fh
seg000:01F0 db	20h
seg000:01F1 db	20h
seg000:01F2 db	4Dh ; M
seg000:01F3 db	92h ; 
seg000:01F4 db	56h ; V
seg000:01F5 db 0ADh ; ญ
seg000:01F6 db	53h ; S
seg000:01F7 db 0ADh ; ญ
seg000:01F8 db	20h
seg000:01F9 db	20h
seg000:01FA db	  6
seg000:01FB db	0Ch
seg000:01FC db	20h
seg000:01FD db	20h
seg000:01FE db	20h
seg000:01FF db	20h
seg000:0200 db	43h ; C
seg000:0201 db	41h ; A
seg000:0202 db	4Ch ; L
seg000:0203 db	4Ch ; L
seg000:0204 db	20h
seg000:0205 db	4Eh ; N
seg000:0206 db	4Fh ; O
seg000:0207 db	57h ; W
seg000:0208 db	20h
seg000:0209 db	20h
seg000:020A db	20h
seg000:020B db	20h
seg000:020C db	  7
seg000:020D db	0Ch
seg000:020E db	2Bh ; +
seg000:020F db	39h ; 9
seg000:0210 db	30h ; 0
seg000:0211 db	2Dh ; -
seg000:0212 db	32h ; 2
seg000:0213 db	31h ; 1
seg000:0214 db	36h ; 6
seg000:0215 db	2Dh ; -
seg000:0216 db	33h ; 3
seg000:0217 db	31h ; 1
seg000:0218 db	35h ; 5
seg000:0219 db	2Dh ; -
seg000:021A db	32h ; 2
seg000:021B db	32h ; 2
seg000:021C db	33h ; 3
seg000:021D db	33h ; 3
seg000:021E db	20h
seg000:021F db	20h
seg000:0220 db	  4
seg000:0221 db	13h
seg000:0222 db	45h ; E
seg000:0223 db	43h ; C
seg000:0224 db	45h ; E
seg000:0225 db	20h
seg000:0226 db	20h
seg000:0227 db	20h
seg000:0228 db	  4
seg000:0229 db	13h
seg000:022A db	65h ; e
seg000:022B db	43h ; C
seg000:022C db	65h ; e
seg000:022D db	20h
seg000:022E db	  4
seg000:022F db	13h
seg000:0230 db 0EEh ; ๎
seg000:0231 db	43h ; C
seg000:0232 db 0EEh ; ๎
seg000:0233 db	20h
seg000:0234 db	20h
seg000:0235 db	20h
seg000:0236 db	  0
seg000:0237 db 0E0h ; เ
seg000:0238 db	20h
seg000:0239 db	21h ; !
seg000:023A db	  0
seg000:023B db 0C3h ; ร
seg000:023C db 0B6h ; ถ
seg000:023D db 0F5h ; ๕
seg000:023E db 0F6h ; ๖
seg000:023F db	  3
seg000:0240 db	  3
seg000:0241 db	  2
seg000:0242 db	40h ; @
seg000:0243 db	  0
seg000:0244 db	  0
seg000:0245 db	  0
seg000:0246 db 0FAh ; ๚
seg000:0247 db 0D9h ; ู
seg000:0248 db	37h ; 7
seg000:0249 db	  4
seg000:024A db	  0
seg000:024B db	  0
seg000:024C db	  0
seg000:024D db	80h ; 
seg000:024E db	84h ; 
seg000:024F db 0FCh ; 
seg000:0250 db	  8
seg000:0251 db	99h ; 
seg000:0252 db	21h ; !
seg000:0253 db 0A5h ; ฅ
seg000:0254 db	1Eh
seg000:0255 db	99h ; 
seg000:0256 db	1Bh
seg000:0257 db 0A3h ; ฃ
seg000:0258 db	18h
seg000:0259 db 0A5h ; ฅ
seg000:025A db	15h
seg000:025B db	99h ; 
seg000:025C db	21h ; !
seg000:025D db 0A5h ; ฅ
seg000:025E db	28h ; (
seg000:025F db	99h ; 
seg000:0260 db	2Fh ; /
seg000:0261 db	7Dh ; }
seg000:0262 db 0FEh ; 
seg000:0263 db 0FCh ; 
seg000:0264 db	  4
seg000:0265 db	80h ; 
seg000:0266 db 0C0h ; ภ
seg000:0267 db	7Dh ; }
seg000:0268 db 0FCh ; 
seg000:0269 db	10h
seg000:026A db	8Dh ; 
seg000:026B db	90h ; 
seg000:026C db	7Dh ; }
seg000:026D db 0FEh ; 
seg000:026E db	4Fh ; O
seg000:026F db	  2
seg000:0270 db	4Fh ; O
seg000:0271 db	  2
seg000:0272 db	63h ; c
seg000:0273 db	  2
seg000:0274 db	4Fh ; O
seg000:0275 db	  2
seg000:0276 db	4Dh ; M
seg000:0277 db	  2
seg000:0278 db	63h ; c
seg000:0279 db	  2
seg000:027A
seg000:027A
seg000:027A
seg000:027A sub_1027A proc near
seg000:027A xor	    byte_10393,	1
seg000:027F jnz	    short locret_1028C
seg000:0281 xor	    di,	di
seg000:0283
seg000:0283 loc_10283:
seg000:0283 call    sub_1028D
seg000:0286 inc	    di
seg000:0287 cmp	    di,	3
seg000:028A jnz	    short loc_10283
seg000:028C
seg000:028C locret_1028C:
seg000:028C retn
seg000:028C sub_1027A endp
seg000:028C
seg000:028D
seg000:028D
seg000:028D
seg000:028D sub_1028D proc near
seg000:028D mov	    bx,	di
seg000:028F shl	    bx,	1
seg000:0291 mov	    si,	[bx+274h]
seg000:0295 dec	    byte ptr [di+394h]
seg000:0299 jnz	    short locret_1028C
seg000:029B mov	    byte ptr [di+394h],	8
seg000:02A0
seg000:02A0 loc_102A0:
seg000:02A0 lodsb
seg000:02A1 cmp	    al,	7Dh
seg000:02A3 jnz	    short loc_102B1
seg000:02A5 dec	    byte ptr [di+3A0h]
seg000:02A9 jz	    short loc_102A0
seg000:02AB mov	    si,	[bx+39Ah]
seg000:02AF jmp	    short loc_102A0
seg000:02B1
seg000:02B1 loc_102B1:
seg000:02B1 cmp	    al,	0FCh
seg000:02B3 jnz	    short loc_102C0
seg000:02B5 lodsb
seg000:02B6 mov	    [di+3A0h], al
seg000:02BA mov	    [bx+39Ah], si
seg000:02BE jmp	    short loc_102A0
seg000:02C0
seg000:02C0 loc_102C0:
seg000:02C0 cmp	    al,	0FEh
seg000:02C2 jnz	    short loc_102CA
seg000:02C4 mov	    si,	[bx+26Eh]
seg000:02C8 jmp	    short loc_102A0
seg000:02CA
seg000:02CA loc_102CA:
seg000:02CA push    ax
seg000:02CB lodsb
seg000:02CC rol	    al,	1
seg000:02CE shr	    al,	1
seg000:02D0 jnb	    short loc_102D8
seg000:02D2 mov	    [di+394h], al
seg000:02D6 jmp	    short loc_102DF
seg000:02D8
seg000:02D8 loc_102D8:
seg000:02D8 mov	    ah,	al
seg000:02DA mov	    al,	40h
seg000:02DC call    sub_10358
seg000:02DF
seg000:02DF loc_102DF:
seg000:02DF pop	    ax
seg000:02E0 and	    al,	7Fh
seg000:02E2 jz	    short loc_10318
seg000:02E4 push    ax
seg000:02E5 mov	    ah,	[di+397h]
seg000:02E9 mov	    al,	0B0h
seg000:02EB call    sub_10358
seg000:02EE pop	    ax
seg000:02EF dec	    al
seg000:02F1 xor	    ah,	ah
seg000:02F3 mov	    bl,	0Ch
seg000:02F5 div	    bl
seg000:02F7 mov	    bx,	ax
seg000:02F9 shr	    bx,	7
seg000:02FC shl	    ax,	0Ah
seg000:02FF or	    ax,	[bx+370h]
seg000:0303 mov	    [di+397h], ah
seg000:0307 or	    ah,	20h
seg000:030A mov	    bl,	al
seg000:030C mov	    al,	0B0h
seg000:030E call    sub_10358
seg000:0311 mov	    al,	0A0h
seg000:0313 mov	    ah,	bl
seg000:0315 call    sub_10358
seg000:0318
seg000:0318 loc_10318:
seg000:0318 shl	    di,	1
seg000:031A mov	    [di+274h], si
seg000:031E shr	    di,	1
seg000:0320 retn
seg000:0320 sub_1028D endp
seg000:0320
seg000:0321
seg000:0321
seg000:0321
seg000:0321 sub_10321 proc near
seg000:0321 mov	    ax,	2001h
seg000:0324 call    sub_1035A
seg000:0327 mov	    ax,	8
seg000:032A call    sub_1035A
seg000:032D mov	    ax,	0C0BDh
seg000:0330 call    sub_1035A
seg000:0333 xor	    di,	di
seg000:0335 mov	    si,	237h
seg000:0338 call    sub_10345
seg000:033B mov	    byte ptr [si+3], 8
seg000:033F call    sub_10345
seg000:0342 mov	    si,	242h
seg000:0342 sub_10321 endp
seg000:0342
seg000:0345
seg000:0345
seg000:0345
seg000:0345 sub_10345 proc near
seg000:0345 xor	    bx,	bx
seg000:0347
seg000:0347 loc_10347:
seg000:0347 mov	    al,	[bx+388h]
seg000:034B mov	    ah,	[bx+si]
seg000:034D call    sub_10358
seg000:0350 inc	    bx
seg000:0351 cmp	    bx,	0Bh
seg000:0354 jb	    short loc_10347
seg000:0356 inc	    di
seg000:0357 retn
seg000:0357 sub_10345 endp
seg000:0357
seg000:0358
seg000:0358
seg000:0358
seg000:0358 sub_10358 proc near
seg000:0358 add	    ax,	di
seg000:0358 sub_10358 endp
seg000:0358
seg000:035A
seg000:035A
seg000:035A
seg000:035A sub_1035A proc near
seg000:035A mov	    dx,	388h
seg000:035D out	    dx,	al
seg000:035E in	    al,	dx
seg000:035F in	    al,	dx
seg000:0360 in	    al,	dx
seg000:0361 in	    al,	dx
seg000:0362 inc	    dl
seg000:0364 mov	    al,	ah
seg000:0366 out	    dx,	al
seg000:0367 dec	    dl
seg000:0369 mov	    cx,	14h
seg000:036C
seg000:036C loc_1036C:
seg000:036C in	    al,	dx
seg000:036D loop    loc_1036C
seg000:036F retn
seg000:036F sub_1035A endp
seg000:036F
seg000:0370 db	57h ; W
seg000:0371 db	  1
seg000:0372 db	6Bh ; k
seg000:0373 db	  1
seg000:0374 db	81h ; 
seg000:0375 db	  1
seg000:0376 db	98h ; 
seg000:0377 db	  1
seg000:0378 db 0B0h ; ฐ
seg000:0379 db	  1
seg000:037A db 0CAh ; ส
seg000:037B db	  1
seg000:037C db 0E5h ; ๅ
seg000:037D db	  1
seg000:037E db	  2
seg000:037F db	  2
seg000:0380 db	20h
seg000:0381 db	  2
seg000:0382 db	41h ; A
seg000:0383 db	  2
seg000:0384 db	63h ; c
seg000:0385 db	  2
seg000:0386 db	87h ; 
seg000:0387 db	  2
seg000:0388 db	20h
seg000:0389 db	23h ; #
seg000:038A db	40h ; @
seg000:038B db	43h ; C
seg000:038C db	60h ; `
seg000:038D db	63h ; c
seg000:038E db	80h ; 
seg000:038F db	83h ; 
seg000:0390 db 0E0h ; เ
seg000:0391 db 0E3h ; ใ
seg000:0392 db 0C0h ; ภ
seg000:0393 byte_10393 db 0
seg000:0394 db	  1
seg000:0395 db	  1
seg000:0396 db	  1
seg000:0397 db	1Ah
seg000:0397 seg000 ends
seg000:0397
seg000:0397
seg000:0397 end	start
